Info: *******************************************************************
Info: Running Quartus Prime Shell
    Info: Version 21.1.1 Build 850 06/23/2022 SJ Lite Edition
    Info: Copyright (C) 2022  Intel Corporation. All rights reserved.
    Info: Your use of Intel Corporation's design tools, logic functions 
    Info: and other software and tools, and any partner logic 
    Info: functions, and any output files from any of the foregoing 
    Info: (including device programming or simulation files), and any 
    Info: associated documentation or information are expressly subject 
    Info: to the terms and conditions of the Intel Program License 
    Info: Subscription Agreement, the Intel Quartus Prime License Agreement,
    Info: the Intel FPGA IP License Agreement, or other applicable license
    Info: agreement, including, without limitation, that your use is for
    Info: the sole purpose of programming logic devices manufactured by
    Info: Intel and sold by Intel or its authorized distributors.  Please
    Info: refer to the applicable agreement for further details, at
    Info: https://fpgasoftware.intel.com/eula.
    Info: Processing started: Mon Sep  5 18:18:42 2022
Info: Command: quartus_sh --64bit --determine_smart_action DE0_CV_Default
Info: Quartus(args): DE0_CV_Default
Info: SMART_ACTION = SOURCE
Info (23030): Evaluation of Tcl script /home/vann/intelFPGA_lite/21.1/quartus/common/tcl/internal/qsh_smart.tcl was successful
Info: Quartus Prime Shell was successful. 0 errors, 0 warnings
    Info: Peak virtual memory: 500 megabytes
    Info: Processing ended: Mon Sep  5 18:18:43 2022
    Info: Elapsed time: 00:00:01
    Info: Total CPU time (on all processors): 00:00:00
